<?xml version="1.0" encoding="UTF-8"?>
<!-- Generated by org.testng.reporters.JUnitReportReporter -->
<testsuite skipped="0" hostname="GVG72" name="DEMOQAFramework.DEMOQAFramework.LoginTestcases" tests="1" failures="0" timestamp="11 Mar 2024 10:29:05 GMT" time="14.863" errors="0">
  <testcase name="LoginTest" time="14.863" classname="DEMOQAFramework.DEMOQAFramework.LoginTestcases"/>
</testsuite> <!-- DEMOQAFramework.DEMOQAFramework.LoginTestcases -->
