<?xml version="1.0" encoding="UTF-8"?>
<!-- Generated by org.testng.reporters.JUnitReportReporter -->
<testsuite skipped="0" hostname="GVG72" name="DEMOQAFramework.DEMOQAFramework.BigSigninTC" tests="1" failures="0" timestamp="2024-03-13T15:05:11 IST" time="15.389" errors="0">
  <testcase name="Loginuser" time="15.389" classname="DEMOQAFramework.DEMOQAFramework.BigSigninTC"/>
  <system-out/>
</testsuite> <!-- DEMOQAFramework.DEMOQAFramework.BigSigninTC -->
