<?xml version="1.0" encoding="UTF-8"?>
<!-- Generated by org.testng.reporters.JUnitReportReporter -->
<testsuite skipped="0" hostname="GVG72" name="DEMOQAFramework.DEMOQAFramework.BigironLoginTestcase" tests="1" failures="0" timestamp="12 Mar 2024 06:12:23 GMT" time="26.046" errors="0">
  <testcase name="LoginTest" time="26.046" classname="DEMOQAFramework.DEMOQAFramework.BigironLoginTestcase"/>
</testsuite> <!-- DEMOQAFramework.DEMOQAFramework.BigironLoginTestcase -->
