<?xml version="1.0" encoding="UTF-8"?>
<!-- Generated by org.testng.reporters.JUnitReportReporter -->
<testsuite skipped="0" hostname="GVG72" name="DEMOQAFramework.DEMOQAFramework.BigironHomeTC1" tests="1" failures="0" timestamp="2024-03-13T15:28:13 IST" time="22.987" errors="0">
  <testcase name="Itemsearch" time="22.987" classname="DEMOQAFramework.DEMOQAFramework.BigironHomeTC1"/>
  <system-out/>
</testsuite> <!-- DEMOQAFramework.DEMOQAFramework.BigironHomeTC1 -->
