<?xml version="1.0" encoding="UTF-8"?>
<!-- Generated by org.testng.reporters.JUnitReportReporter -->
<testsuite skipped="0" hostname="GVG72" name="DEMOQAFramework.DEMOQAFramework.AmazonSignTestcase" tests="1" failures="0" timestamp="12 Mar 2024 07:20:34 GMT" time="13.882" errors="0">
  <testcase name="LoginTest" time="13.882" classname="DEMOQAFramework.DEMOQAFramework.AmazonSignTestcase"/>
</testsuite> <!-- DEMOQAFramework.DEMOQAFramework.AmazonSignTestcase -->
